STARTING at Wed Dec 16 11:40:19 CET 2020
[32;1mLogging data to ddpg_se_xe10b001_vher/progress.txt[0m
[36;1mSaving config:
[0m
{
    "ac_kwargs":	{
        "activation":	"ReLU",
        "hidden_sizes":	[
            128,
            32
        ]
    },
    "act_noise":	0.1,
    "actor_critic":	"MLPActorCritic",
    "batch_size":	100,
    "env_fn":	"functools.partial(<function env_fn at 0x2b5ade1b6840>, 'GyroscopeEnv-v1', simu_args={'dt': 0.05, 'ep_len': 100, 'seed': 2}, reward_func='Sparse with exp', reward_args={'qx1': 1, 'qx2': 0, 'qx3': 1, 'qx4': 0, 'pu1': 0, 'pu2': 0, 'e': 10, 'bound': 0.01, 'reward': 10})",
    "epochs":	2000,
    "exp_name":	"ddpg_se_xe10b001_vher",
    "gamma":	0.995,
    "her":	true,
    "logger":	{
        "<spinup.utils.logx.EpochLogger object at 0x2b5adb11d940>":	{
            "epoch_dict":	{},
            "exp_name":	"ddpg_se_xe10b001_vher",
            "first_row":	true,
            "log_current_row":	{},
            "log_headers":	[],
            "output_dir":	"ddpg_se_xe10b001_vher",
            "output_file":	{
                "<_io.TextIOWrapper name='ddpg_se_xe10b001_vher/progress.txt' mode='w' encoding='UTF-8'>":	{
                    "mode":	"w"
                }
            }
        }
    },
    "logger_kwargs":	{
        "exp_name":	"ddpg_se_xe10b001_vher",
        "output_dir":	"ddpg_se_xe10b001_vher"
    },
    "max_ep_len":	100,
    "num_test_episodes":	10,
    "pi_lr":	0.0025,
    "polyak":	0.995,
    "q_lr":	0.0025,
    "replay_size":	1000000,
    "save_freq":	1,
    "seed":	0,
    "start_steps":	10000,
    "steps_per_epoch":	1500,
    "trained_ac":	null,
    "update_after":	1000,
    "update_every":	50
}
[32;1m
Number of parameters: 	 pi: 5474, 	 q: 5697
[0m
Traceback (most recent call last):
  File "/home/zhithuan/test_reward_sparse/T4.py", line 57, in <module>
    her = True)
  File "/home/zhithuan/spinningup/spinup/algos/pytorch/ddpg/ddpg_her.py", line 621, in ddpg_vher
    r_new = env.reward_func(0, 0, o[2], o[5], a[0], a[1], **env.reward_args)
TypeError: sparse_reward_with_exp() missing 2 required positional arguments: 'u1' and 'u2'
FINISHED at Wed Dec 16 11:40:52 CET 2020
